<?xml version="1.0" encoding="UTF-8"?>
<!-- Generated by org.testng.reporters.JUnitReportReporter -->
<testsuite hostname="IN-RAJESHR7" failures="0" tests="1" name="com.inetbanking.testCases.TC_LoginTest_001" time="2.393" errors="0" timestamp="02 Feb 2023 08:27:50 GMT" skipped="0">
  <testcase classname="com.inetbanking.testCases.TC_LoginTest_001" name="loginTest" time="2.393"/>
</testsuite> <!-- com.inetbanking.testCases.TC_LoginTest_001 -->
