<?xml version="1.0" encoding="UTF-8"?>
<!-- Generated by org.testng.reporters.JUnitReportReporter -->
<testsuite hostname="IN-RAJESHR7" failures="0" tests="1" name="com.inetbanking.testCases.TC_LoginTest_001" time="2.734" errors="0" timestamp="01 Feb 2023 04:16:35 GMT" skipped="0">
  <testcase classname="com.inetbanking.testCases.TC_LoginTest_001" name="loginTest" time="2.734"/>
</testsuite> <!-- com.inetbanking.testCases.TC_LoginTest_001 -->
