<?xml version="1.0" encoding="UTF-8"?>
<!-- Generated by org.testng.reporters.JUnitReportReporter -->
<testsuite hostname="IN-RAJESHR7" failures="0" tests="1" name="com.inetbanking.testCases.TC_AddCustomerTest_003" time="15.070" errors="0" timestamp="01 Feb 2023 04:16:35 GMT" skipped="0">
  <testcase classname="com.inetbanking.testCases.TC_AddCustomerTest_003" name="addNewCustomer" time="15.070"/>
</testsuite> <!-- com.inetbanking.testCases.TC_AddCustomerTest_003 -->
